TN:
SF:src/config/whatsappBot.ts
FNF:0
FNH:0
DA:1,1
LF:1
LH:1
BRF:0
BRH:0
end_of_record
TN:
SF:src/services/languageService.ts
FN:13,(anonymous_0)
FN:26,(anonymous_1)
FN:52,(anonymous_2)
FNF:3
FNH:0
FNDA:0,(anonymous_0)
FNDA:0,(anonymous_1)
FNDA:0,(anonymous_2)
DA:1,1
DA:3,1
DA:4,1
DA:11,1
DA:14,0
DA:15,0
DA:16,0
DA:17,0
DA:18,0
DA:20,0
DA:21,0
DA:27,0
DA:28,0
DA:30,0
DA:31,0
DA:37,0
DA:38,0
DA:39,0
DA:41,0
DA:46,0
DA:47,0
DA:53,0
DA:54,0
DA:55,0
DA:56,0
DA:57,0
DA:59,0
DA:60,0
LF:28
LH:4
BRDA:30,0,0,0
BRF:1
BRH:0
end_of_record
TN:
SF:src/services/orderService.ts
FN:5,(anonymous_0)
FN:15,(anonymous_1)
FN:46,(anonymous_2)
FN:61,(anonymous_3)
FN:97,(anonymous_4)
FN:112,(anonymous_5)
FN:132,(anonymous_6)
FNF:7
FNH:0
FNDA:0,(anonymous_0)
FNDA:0,(anonymous_1)
FNDA:0,(anonymous_2)
FNDA:0,(anonymous_3)
FNDA:0,(anonymous_4)
FNDA:0,(anonymous_5)
FNDA:0,(anonymous_6)
DA:3,1
DA:13,0
DA:14,0
DA:15,0
DA:20,0
DA:39,0
DA:41,0
DA:42,0
DA:50,0
DA:53,0
DA:55,0
DA:56,0
DA:65,0
DA:66,0
DA:73,0
DA:77,0
DA:81,0
DA:83,0
DA:84,0
DA:90,0
DA:92,0
DA:93,0
DA:101,0
DA:104,0
DA:106,0
DA:107,0
DA:113,0
DA:116,0
DA:126,0
DA:127,0
DA:137,0
DA:138,0
DA:147,0
DA:148,0
LF:34
LH:1
BRDA:73,0,0,0
BRDA:73,0,1,0
BRDA:73,0,2,0
BRF:3
BRH:0
end_of_record
